This file contains any messages produced by compilers while
running configure, to aid debugging if configure makes a mistake.

It was created by gambit configure 15.1.0, which was
generated by GNU Autoconf 2.69.  Invocation command line was

  $ ./configure 

## --------- ##
## Platform. ##
## --------- ##

hostname = mharman3.cs.ucl.ac.uk
uname -m = x86_64
uname -r = 16.5.0
uname -s = Darwin
uname -v = Darwin Kernel Version 16.5.0: Fri Mar  3 16:52:33 PST 2017; root:xnu-3789.51.2~3/RELEASE_X86_64

/usr/bin/uname -p = i386
/bin/uname -X     = unknown

/bin/arch              = unknown
/usr/bin/arch -k       = unknown
/usr/convex/getsysinfo = unknown
/usr/bin/hostinfo      = Mach kernel version:
	 Darwin Kernel Version 16.5.0: Fri Mar  3 16:52:33 PST 2017; root:xnu-3789.51.2~3/RELEASE_X86_64
Kernel configured for up to 4 processors.
4 processors are physically available.
4 processors are logically available.
Processor type: x86_64h (Intel x86-64h Haswell)
Processors active: 0 1 2 3
Primary memory available: 8.00 gigabytes
Default processor set: 301 tasks, 1395 threads, 4 processors
Load average: 2.06, Mach factor: 1.98
/bin/machine           = unknown
/usr/bin/oslevel       = unknown
/bin/universe          = unknown

PATH: /opt/local/bin
PATH: /opt/local/sbin
PATH: /opt/local/bin
PATH: /opt/local/sbin
PATH: /usr/bin
PATH: /bin
PATH: /usr/sbin
PATH: /sbin
PATH: /usr/local/bin
PATH: /Library/TeX/texbin


## ----------- ##
## Core tests. ##
## ----------- ##

configure:2336: checking for a BSD-compatible install
configure:2404: result: /opt/local/bin/ginstall -c
configure:2415: checking whether build environment is sane
configure:2470: result: yes
configure:2508: WARNING: 'missing' script is too old or missing
configure:2621: checking for a thread-safe mkdir -p
configure:2660: result: /opt/local/bin/gmkdir -p
configure:2667: checking for gawk
configure:2697: result: no
configure:2667: checking for mawk
configure:2697: result: no
configure:2667: checking for nawk
configure:2697: result: no
configure:2667: checking for awk
configure:2683: found /usr/bin/awk
configure:2694: result: awk
configure:2705: checking whether make sets $(MAKE)
configure:2727: result: yes
configure:2756: checking whether make supports nested variables
configure:2773: result: yes
configure:3022: checking for gcc
configure:3038: found /usr/bin/gcc
configure:3049: result: gcc
configure:3278: checking for C compiler version
configure:3287: gcc --version >&5
Apple LLVM version 8.1.0 (clang-802.0.42)
Target: x86_64-apple-darwin16.5.0
Thread model: posix
InstalledDir: /Applications/Xcode.app/Contents/Developer/Toolchains/XcodeDefault.xctoolchain/usr/bin
Configured with: --prefix=/Applications/Xcode.app/Contents/Developer/usr --with-gxx-include-dir=/usr/include/c++/4.2.1
configure:3298: $? = 0
configure:3287: gcc -v >&5
Configured with: --prefix=/Applications/Xcode.app/Contents/Developer/usr --with-gxx-include-dir=/usr/include/c++/4.2.1
Apple LLVM version 8.1.0 (clang-802.0.42)
Target: x86_64-apple-darwin16.5.0
Thread model: posix
InstalledDir: /Applications/Xcode.app/Contents/Developer/Toolchains/XcodeDefault.xctoolchain/usr/bin
configure:3298: $? = 0
configure:3287: gcc -V >&5
clang: error: argument to '-V' is missing (expected 1 value)
clang: error: no input files
configure:3298: $? = 1
configure:3287: gcc -qversion >&5
clang: error: unknown argument: '-qversion'
clang: error: no input files
configure:3298: $? = 1
configure:3318: checking whether the C compiler works
configure:3340: gcc    conftest.c  >&5
configure:3344: $? = 0
configure:3392: result: yes
configure:3395: checking for C compiler default output file name
configure:3397: result: a.out
configure:3403: checking for suffix of executables
configure:3410: gcc -o conftest    conftest.c  >&5
configure:3414: $? = 0
configure:3436: result: 
configure:3458: checking whether we are cross compiling
configure:3466: gcc -o conftest    conftest.c  >&5
configure:3470: $? = 0
configure:3477: ./conftest
configure:3481: $? = 0
configure:3496: result: no
configure:3501: checking for suffix of object files
configure:3523: gcc -c   conftest.c >&5
configure:3527: $? = 0
configure:3548: result: o
configure:3552: checking whether we are using the GNU C compiler
configure:3571: gcc -c   conftest.c >&5
configure:3571: $? = 0
configure:3580: result: yes
configure:3589: checking whether gcc accepts -g
configure:3609: gcc -c -g  conftest.c >&5
configure:3609: $? = 0
configure:3650: result: yes
configure:3667: checking for gcc option to accept ISO C89
configure:3730: gcc  -c -g -O2  conftest.c >&5
configure:3730: $? = 0
configure:3743: result: none needed
configure:3768: checking whether gcc understands -c and -o together
configure:3790: gcc -c conftest.c -o conftest2.o
configure:3793: $? = 0
configure:3790: gcc -c conftest.c -o conftest2.o
configure:3793: $? = 0
configure:3805: result: yes
configure:3833: checking for style of include used by make
configure:3861: result: GNU
configure:3887: checking dependency style of gcc
configure:3998: result: gcc3
configure:4071: checking for g++
configure:4087: found /usr/bin/g++
configure:4098: result: g++
configure:4125: checking for C++ compiler version
configure:4134: g++ --version >&5
Apple LLVM version 8.1.0 (clang-802.0.42)
Target: x86_64-apple-darwin16.5.0
Thread model: posix
InstalledDir: /Applications/Xcode.app/Contents/Developer/Toolchains/XcodeDefault.xctoolchain/usr/bin
Configured with: --prefix=/Applications/Xcode.app/Contents/Developer/usr --with-gxx-include-dir=/usr/include/c++/4.2.1
configure:4145: $? = 0
configure:4134: g++ -v >&5
Configured with: --prefix=/Applications/Xcode.app/Contents/Developer/usr --with-gxx-include-dir=/usr/include/c++/4.2.1
Apple LLVM version 8.1.0 (clang-802.0.42)
Target: x86_64-apple-darwin16.5.0
Thread model: posix
InstalledDir: /Applications/Xcode.app/Contents/Developer/Toolchains/XcodeDefault.xctoolchain/usr/bin
configure:4145: $? = 0
configure:4134: g++ -V >&5
clang: error: argument to '-V' is missing (expected 1 value)
clang: error: no input files
configure:4145: $? = 1
configure:4134: g++ -qversion >&5
clang: error: unknown argument: '-qversion'
clang: error: no input files
configure:4145: $? = 1
configure:4149: checking whether we are using the GNU C++ compiler
configure:4168: g++ -c   conftest.cpp >&5
configure:4168: $? = 0
configure:4177: result: yes
configure:4186: checking whether g++ accepts -g
configure:4206: g++ -c -g  conftest.cpp >&5
configure:4206: $? = 0
configure:4247: result: yes
configure:4272: checking dependency style of g++
configure:4383: result: gcc3
configure:4427: checking build system type
configure:4441: result: x86_64-apple-darwin16.5.0
configure:4461: checking host system type
configure:4474: result: x86_64-apple-darwin16.5.0
configure:4515: checking how to print strings
configure:4542: result: printf
configure:4563: checking for a sed that does not truncate output
configure:4627: result: /usr/bin/sed
configure:4645: checking for grep that handles long lines and -e
configure:4703: result: /usr/bin/grep
configure:4708: checking for egrep
configure:4770: result: /usr/bin/grep -E
configure:4775: checking for fgrep
configure:4837: result: /usr/bin/grep -F
configure:4872: checking for ld used by gcc
configure:4939: result: /Applications/Xcode.app/Contents/Developer/Toolchains/XcodeDefault.xctoolchain/usr/bin/ld
configure:4946: checking if the linker (/Applications/Xcode.app/Contents/Developer/Toolchains/XcodeDefault.xctoolchain/usr/bin/ld) is GNU ld
configure:4961: result: no
configure:4973: checking for BSD- or MS-compatible name lister (nm)
configure:5027: result: /opt/local/bin/nm -B
configure:5157: checking the name lister (/opt/local/bin/nm -B) interface
configure:5164: gcc -c -g -O2  conftest.c >&5
configure:5167: /opt/local/bin/nm -B "conftest.o"
configure:5170: output
0000000000000220 S _some_variable
configure:5177: result: BSD nm
configure:5180: checking whether ln -s works
configure:5184: result: yes
configure:5192: checking the maximum length of command line arguments
configure:5323: result: 196608
configure:5371: checking how to convert x86_64-apple-darwin16.5.0 file names to x86_64-apple-darwin16.5.0 format
configure:5411: result: func_convert_file_noop
configure:5418: checking how to convert x86_64-apple-darwin16.5.0 file names to toolchain format
configure:5438: result: func_convert_file_noop
configure:5445: checking for /Applications/Xcode.app/Contents/Developer/Toolchains/XcodeDefault.xctoolchain/usr/bin/ld option to reload object files
configure:5452: result: -r
configure:5526: checking for objdump
configure:5542: found /usr/bin/objdump
configure:5553: result: objdump
configure:5585: checking how to recognize dependent libraries
configure:5785: result: pass_all
configure:5870: checking for dlltool
configure:5900: result: no
configure:5930: checking how to associate runtime and link libraries
configure:5957: result: printf %s\n
configure:6018: checking for ar
configure:6034: found /opt/local/bin/ar
configure:6045: result: ar
configure:6082: checking for archiver @FILE support
configure:6099: gcc -c -g -O2  conftest.c >&5
configure:6099: $? = 0
configure:6102: ar cru libconftest.a @conftest.lst >&5
ar: @conftest.lst: No such file or directory
configure:6105: $? = 1
configure:6125: result: no
configure:6183: checking for strip
configure:6199: found /opt/local/bin/strip
configure:6210: result: strip
configure:6282: checking for ranlib
configure:6298: found /opt/local/bin/ranlib
configure:6309: result: ranlib
configure:6411: checking command to parse /opt/local/bin/nm -B output from gcc object
configure:6564: gcc -c -g -O2  conftest.c >&5
configure:6567: $? = 0
configure:6571: /opt/local/bin/nm -B conftest.o \| sed -n -e 's/^.*[ ]\([BCDEGRST][BCDEGRST]*\)[ ][ ]*\([_A-Za-z][_A-Za-z0-9]*\)$/\1 \2 \2/p' | sed '/ __gnu_lto/d' \> conftest.nm
configure:6574: $? = 0
cannot find nm_test_var in conftest.nm
configure:6564: gcc -c -g -O2  conftest.c >&5
configure:6567: $? = 0
configure:6571: /opt/local/bin/nm -B conftest.o \| sed -n -e 's/^.*[ ]\([BCDEGRST][BCDEGRST]*\)[ ][ ]*_\([_A-Za-z][_A-Za-z0-9]*\)$/\1 _\2 \2/p' | sed '/ __gnu_lto/d' \> conftest.nm
configure:6574: $? = 0
configure:6640: gcc -o conftest -g -O2   conftest.c conftstm.o >&5
warning: (x86_64)  could not find object file symbol for symbol _main
configure:6643: $? = 0
configure:6681: result: ok
configure:6728: checking for sysroot
configure:6758: result: no
configure:6765: checking for a working dd
configure:6803: result: /bin/dd
configure:6807: checking how to truncate binary pipes
configure:6822: result: /bin/dd bs=4096 count=1
configure:7151: checking for mt
configure:7181: result: no
configure:7201: checking if : is a manifest tool
configure:7207: : '-?'
configure:7215: result: no
configure:7271: checking for dsymutil
configure:7287: found /usr/bin/dsymutil
configure:7298: result: dsymutil
configure:7363: checking for nmedit
configure:7379: found /opt/local/bin/nmedit
configure:7390: result: nmedit
configure:7455: checking for lipo
configure:7471: found /opt/local/bin/lipo
configure:7482: result: lipo
configure:7547: checking for otool
configure:7563: found /opt/local/bin/otool
configure:7574: result: otool
configure:7639: checking for otool64
configure:7669: result: no
configure:7714: checking for -single_module linker flag
gcc -g -O2  -o libconftest.dylib -dynamiclib -Wl,-single_module conftest.c
configure:7747: result: yes
configure:7750: checking for -exported_symbols_list linker flag
configure:7770: gcc -o conftest -g -O2   -Wl,-exported_symbols_list,conftest.sym conftest.c  >&5
configure:7770: $? = 0
configure:7780: result: yes
configure:7783: checking for -force_load linker flag
gcc -g -O2 -c -o conftest.o conftest.c
ar cru libconftest.a conftest.o
ranlib libconftest.a
gcc -g -O2  -o conftest conftest.c -Wl,-force_load,./libconftest.a
configure:7815: result: yes
configure:7892: checking how to run the C preprocessor
configure:7923: gcc -E  conftest.c
configure:7923: $? = 0
configure:7937: gcc -E  conftest.c
conftest.c:11:10: fatal error: 'ac_nonexistent.h' file not found
#include <ac_nonexistent.h>
         ^
1 error generated.
configure:7937: $? = 1
configure: failed program was:
| /* confdefs.h */
| #define PACKAGE_NAME "gambit"
| #define PACKAGE_TARNAME "gambit"
| #define PACKAGE_VERSION "15.1.0"
| #define PACKAGE_STRING "gambit 15.1.0"
| #define PACKAGE_BUGREPORT ""
| #define PACKAGE_URL ""
| #define PACKAGE "gambit"
| #define VERSION "15.1.0"
| /* end confdefs.h.  */
| #include <ac_nonexistent.h>
configure:7962: result: gcc -E
configure:7982: gcc -E  conftest.c
configure:7982: $? = 0
configure:7996: gcc -E  conftest.c
conftest.c:11:10: fatal error: 'ac_nonexistent.h' file not found
#include <ac_nonexistent.h>
         ^
1 error generated.
configure:7996: $? = 1
configure: failed program was:
| /* confdefs.h */
| #define PACKAGE_NAME "gambit"
| #define PACKAGE_TARNAME "gambit"
| #define PACKAGE_VERSION "15.1.0"
| #define PACKAGE_STRING "gambit 15.1.0"
| #define PACKAGE_BUGREPORT ""
| #define PACKAGE_URL ""
| #define PACKAGE "gambit"
| #define VERSION "15.1.0"
| /* end confdefs.h.  */
| #include <ac_nonexistent.h>
configure:8025: checking for ANSI C header files
configure:8045: gcc -c -g -O2  conftest.c >&5
configure:8045: $? = 0
configure:8118: gcc -o conftest -g -O2   conftest.c  >&5
configure:8118: $? = 0
configure:8118: ./conftest
configure:8118: $? = 0
configure:8129: result: yes
configure:8142: checking for sys/types.h
configure:8142: gcc -c -g -O2  conftest.c >&5
configure:8142: $? = 0
configure:8142: result: yes
configure:8142: checking for sys/stat.h
configure:8142: gcc -c -g -O2  conftest.c >&5
configure:8142: $? = 0
configure:8142: result: yes
configure:8142: checking for stdlib.h
configure:8142: gcc -c -g -O2  conftest.c >&5
configure:8142: $? = 0
configure:8142: result: yes
configure:8142: checking for string.h
configure:8142: gcc -c -g -O2  conftest.c >&5
configure:8142: $? = 0
configure:8142: result: yes
configure:8142: checking for memory.h
configure:8142: gcc -c -g -O2  conftest.c >&5
configure:8142: $? = 0
configure:8142: result: yes
configure:8142: checking for strings.h
configure:8142: gcc -c -g -O2  conftest.c >&5
configure:8142: $? = 0
configure:8142: result: yes
configure:8142: checking for inttypes.h
configure:8142: gcc -c -g -O2  conftest.c >&5
configure:8142: $? = 0
configure:8142: result: yes
configure:8142: checking for stdint.h
configure:8142: gcc -c -g -O2  conftest.c >&5
configure:8142: $? = 0
configure:8142: result: yes
configure:8142: checking for unistd.h
configure:8142: gcc -c -g -O2  conftest.c >&5
configure:8142: $? = 0
configure:8142: result: yes
configure:8156: checking for dlfcn.h
configure:8156: gcc -c -g -O2  conftest.c >&5
configure:8156: $? = 0
configure:8156: result: yes
configure:8423: checking for objdir
configure:8438: result: .libs
configure:8702: checking if gcc supports -fno-rtti -fno-exceptions
configure:8720: gcc -c -g -O2  -fno-rtti -fno-exceptions conftest.c >&5
configure:8724: $? = 0
configure:8737: result: yes
configure:9095: checking for gcc option to produce PIC
configure:9102: result: -fno-common -DPIC
configure:9110: checking if gcc PIC flag -fno-common -DPIC works
configure:9128: gcc -c -g -O2  -fno-common -DPIC -DPIC conftest.c >&5
configure:9132: $? = 0
configure:9145: result: yes
configure:9174: checking if gcc static flag -static works
configure:9202: result: no
configure:9217: checking if gcc supports -c -o file.o
configure:9238: gcc -c -g -O2  -o out/conftest2.o conftest.c >&5
configure:9242: $? = 0
configure:9264: result: yes
configure:9272: checking if gcc supports -c -o file.o
configure:9319: result: yes
configure:9352: checking whether the gcc linker (/Applications/Xcode.app/Contents/Developer/Toolchains/XcodeDefault.xctoolchain/usr/bin/ld) supports shared libraries
configure:10611: result: yes
configure:10851: checking dynamic linker characteristics
configure:11669: result: darwin16.5.0 dyld
configure:11791: checking how to hardcode library paths into programs
configure:11816: result: immediate
configure:12364: checking whether stripping libraries is possible
configure:12378: result: yes
configure:12404: checking if libtool supports shared libraries
configure:12406: result: yes
configure:12409: checking whether to build shared libraries
configure:12434: result: yes
configure:12437: checking whether to build static libraries
configure:12441: result: yes
configure:12464: checking how to run the C++ preprocessor
configure:12491: g++ -E  conftest.cpp
configure:12491: $? = 0
configure:12505: g++ -E  conftest.cpp
conftest.cpp:23:10: fatal error: 'ac_nonexistent.h' file not found
#include <ac_nonexistent.h>
         ^
1 error generated.
configure:12505: $? = 1
configure: failed program was:
| /* confdefs.h */
| #define PACKAGE_NAME "gambit"
| #define PACKAGE_TARNAME "gambit"
| #define PACKAGE_VERSION "15.1.0"
| #define PACKAGE_STRING "gambit 15.1.0"
| #define PACKAGE_BUGREPORT ""
| #define PACKAGE_URL ""
| #define PACKAGE "gambit"
| #define VERSION "15.1.0"
| #define STDC_HEADERS 1
| #define HAVE_SYS_TYPES_H 1
| #define HAVE_SYS_STAT_H 1
| #define HAVE_STDLIB_H 1
| #define HAVE_STRING_H 1
| #define HAVE_MEMORY_H 1
| #define HAVE_STRINGS_H 1
| #define HAVE_INTTYPES_H 1
| #define HAVE_STDINT_H 1
| #define HAVE_UNISTD_H 1
| #define HAVE_DLFCN_H 1
| #define LT_OBJDIR ".libs/"
| /* end confdefs.h.  */
| #include <ac_nonexistent.h>
configure:12530: result: g++ -E
configure:12550: g++ -E  conftest.cpp
configure:12550: $? = 0
configure:12564: g++ -E  conftest.cpp
conftest.cpp:23:10: fatal error: 'ac_nonexistent.h' file not found
#include <ac_nonexistent.h>
         ^
1 error generated.
configure:12564: $? = 1
configure: failed program was:
| /* confdefs.h */
| #define PACKAGE_NAME "gambit"
| #define PACKAGE_TARNAME "gambit"
| #define PACKAGE_VERSION "15.1.0"
| #define PACKAGE_STRING "gambit 15.1.0"
| #define PACKAGE_BUGREPORT ""
| #define PACKAGE_URL ""
| #define PACKAGE "gambit"
| #define VERSION "15.1.0"
| #define STDC_HEADERS 1
| #define HAVE_SYS_TYPES_H 1
| #define HAVE_SYS_STAT_H 1
| #define HAVE_STDLIB_H 1
| #define HAVE_STRING_H 1
| #define HAVE_MEMORY_H 1
| #define HAVE_STRINGS_H 1
| #define HAVE_INTTYPES_H 1
| #define HAVE_STDINT_H 1
| #define HAVE_UNISTD_H 1
| #define HAVE_DLFCN_H 1
| #define LT_OBJDIR ".libs/"
| /* end confdefs.h.  */
| #include <ac_nonexistent.h>
configure:12726: checking for ld used by g++
configure:12793: result: /Applications/Xcode.app/Contents/Developer/Toolchains/XcodeDefault.xctoolchain/usr/bin/ld
configure:12800: checking if the linker (/Applications/Xcode.app/Contents/Developer/Toolchains/XcodeDefault.xctoolchain/usr/bin/ld) is GNU ld
configure:12815: result: no
configure:12870: checking whether the g++ linker (/Applications/Xcode.app/Contents/Developer/Toolchains/XcodeDefault.xctoolchain/usr/bin/ld) supports shared libraries
configure:13943: result: yes
configure:13979: g++ -c -g -O2  conftest.cpp >&5
configure:13982: $? = 0
configure:14463: checking for g++ option to produce PIC
configure:14470: result: -fno-common -DPIC
configure:14478: checking if g++ PIC flag -fno-common -DPIC works
configure:14496: g++ -c -g -O2  -fno-common -DPIC -DPIC conftest.cpp >&5
configure:14500: $? = 0
configure:14513: result: yes
configure:14536: checking if g++ static flag -static works
configure:14564: result: no
configure:14576: checking if g++ supports -c -o file.o
configure:14597: g++ -c -g -O2  -o out/conftest2.o conftest.cpp >&5
configure:14601: $? = 0
configure:14623: result: yes
configure:14628: checking if g++ supports -c -o file.o
configure:14675: result: yes
configure:14705: checking whether the g++ linker (/Applications/Xcode.app/Contents/Developer/Toolchains/XcodeDefault.xctoolchain/usr/bin/ld) supports shared libraries
configure:14745: result: yes
configure:14886: checking dynamic linker characteristics
configure:15631: result: darwin16.5.0 dyld
configure:15696: checking how to hardcode library paths into programs
configure:15721: result: immediate
configure:15783: checking whether we are building for a Win32 host
configure:15796: gcc -c -g -O2  conftest.c >&5
configure:15796: $? = 0
configure:15803: result: no
configure:15820: checking for bcmp
configure:15820: gcc -o conftest -g -O2   conftest.c  >&5
configure:15820: $? = 0
configure:15820: result: yes
configure:15820: checking for srand48
configure:15820: gcc -o conftest -g -O2   conftest.c  >&5
configure:15820: $? = 0
configure:15820: result: yes
configure:15820: checking for drand48
configure:15820: gcc -o conftest -g -O2   conftest.c  >&5
configure:15820: $? = 0
configure:15820: result: yes
configure:15863: checking for wx-config
configure:15895: result: no
configure:16073: WARNING:
            Did not find a new enough version of wxWidgets; disabling build of
            graphical interface.  If you want to build the graphical interface,
            please check that wx-config is in path, the directory
            where wxWidgets libraries are installed (returned by
            'wx-config --libs' command) is in LD_LIBRARY_PATH or
            equivalent variable and wxWidgets is version 2.8.12 or above.
      
configure:16316: checking that generated files are newer than configure
configure:16322: result: done
configure:16377: creating ./config.status

## ---------------------- ##
## Running config.status. ##
## ---------------------- ##

This file was extended by gambit config.status 15.1.0, which was
generated by GNU Autoconf 2.69.  Invocation command line was

  CONFIG_FILES    = 
  CONFIG_HEADERS  = 
  CONFIG_LINKS    = 
  CONFIG_COMMANDS = 
  $ ./config.status 

on mharman3.cs.ucl.ac.uk

config.status:1170: creating Makefile
config.status:1170: creating contrib/Makefile
config.status:1170: creating contrib/scripts/Makefile
config.status:1170: creating contrib/scripts/enumpoly/Makefile
config.status:1170: creating config.h
config.status:1399: executing depfiles commands
config.status:1399: executing libtool commands

## ---------------- ##
## Cache variables. ##
## ---------------- ##

ac_cv_build=x86_64-apple-darwin16.5.0
ac_cv_c_compiler_gnu=yes
ac_cv_cxx_compiler_gnu=yes
ac_cv_env_CCC_set=
ac_cv_env_CCC_value=
ac_cv_env_CC_set=
ac_cv_env_CC_value=
ac_cv_env_CFLAGS_set=
ac_cv_env_CFLAGS_value=
ac_cv_env_CPPFLAGS_set=
ac_cv_env_CPPFLAGS_value=
ac_cv_env_CPP_set=
ac_cv_env_CPP_value=
ac_cv_env_CXXCPP_set=
ac_cv_env_CXXCPP_value=
ac_cv_env_CXXFLAGS_set=
ac_cv_env_CXXFLAGS_value=
ac_cv_env_CXX_set=
ac_cv_env_CXX_value=
ac_cv_env_LDFLAGS_set=
ac_cv_env_LDFLAGS_value=
ac_cv_env_LIBS_set=
ac_cv_env_LIBS_value=
ac_cv_env_LT_SYS_LIBRARY_PATH_set=
ac_cv_env_LT_SYS_LIBRARY_PATH_value=
ac_cv_env_build_alias_set=
ac_cv_env_build_alias_value=
ac_cv_env_host_alias_set=
ac_cv_env_host_alias_value=
ac_cv_env_target_alias_set=
ac_cv_env_target_alias_value=
ac_cv_func_bcmp=yes
ac_cv_func_drand48=yes
ac_cv_func_srand48=yes
ac_cv_header_dlfcn_h=yes
ac_cv_header_inttypes_h=yes
ac_cv_header_memory_h=yes
ac_cv_header_stdc=yes
ac_cv_header_stdint_h=yes
ac_cv_header_stdlib_h=yes
ac_cv_header_string_h=yes
ac_cv_header_strings_h=yes
ac_cv_header_sys_stat_h=yes
ac_cv_header_sys_types_h=yes
ac_cv_header_unistd_h=yes
ac_cv_host=x86_64-apple-darwin16.5.0
ac_cv_objext=o
ac_cv_path_EGREP='/usr/bin/grep -E'
ac_cv_path_FGREP='/usr/bin/grep -F'
ac_cv_path_GREP=/usr/bin/grep
ac_cv_path_SED=/usr/bin/sed
ac_cv_path_WX_CONFIG_PATH=no
ac_cv_path_install='/opt/local/bin/ginstall -c'
ac_cv_path_lt_DD=/bin/dd
ac_cv_path_mkdir=/opt/local/bin/gmkdir
ac_cv_prog_AWK=awk
ac_cv_prog_CPP='gcc -E'
ac_cv_prog_CXXCPP='g++ -E'
ac_cv_prog_ac_ct_AR=ar
ac_cv_prog_ac_ct_CC=gcc
ac_cv_prog_ac_ct_CXX=g++
ac_cv_prog_ac_ct_DSYMUTIL=dsymutil
ac_cv_prog_ac_ct_LIPO=lipo
ac_cv_prog_ac_ct_NMEDIT=nmedit
ac_cv_prog_ac_ct_OBJDUMP=objdump
ac_cv_prog_ac_ct_OTOOL=otool
ac_cv_prog_ac_ct_RANLIB=ranlib
ac_cv_prog_ac_ct_STRIP=strip
ac_cv_prog_cc_c89=
ac_cv_prog_cc_g=yes
ac_cv_prog_cxx_g=yes
ac_cv_prog_make_make_set=yes
am_cv_CC_dependencies_compiler_type=gcc3
am_cv_CXX_dependencies_compiler_type=gcc3
am_cv_make_support_nested_variables=yes
am_cv_prog_cc_c_o=yes
lt_cv_apple_cc_single_mod=yes
lt_cv_ar_at_file=no
lt_cv_deplibs_check_method=pass_all
lt_cv_file_magic_cmd='$MAGIC_CMD'
lt_cv_file_magic_test_file=
lt_cv_ld_exported_symbols_list=yes
lt_cv_ld_force_load=yes
lt_cv_ld_reload_flag=-r
lt_cv_nm_interface='BSD nm'
lt_cv_objdir=.libs
lt_cv_path_LD=/Applications/Xcode.app/Contents/Developer/Toolchains/XcodeDefault.xctoolchain/usr/bin/ld
lt_cv_path_LDCXX=/Applications/Xcode.app/Contents/Developer/Toolchains/XcodeDefault.xctoolchain/usr/bin/ld
lt_cv_path_NM='/opt/local/bin/nm -B'
lt_cv_path_mainfest_tool=no
lt_cv_prog_compiler_c_o=yes
lt_cv_prog_compiler_c_o_CXX=yes
lt_cv_prog_compiler_pic='-fno-common -DPIC'
lt_cv_prog_compiler_pic_CXX='-fno-common -DPIC'
lt_cv_prog_compiler_pic_works=yes
lt_cv_prog_compiler_pic_works_CXX=yes
lt_cv_prog_compiler_rtti_exceptions=yes
lt_cv_prog_compiler_static_works=no
lt_cv_prog_compiler_static_works_CXX=no
lt_cv_prog_gnu_ld=no
lt_cv_prog_gnu_ldcxx=no
lt_cv_sharedlib_from_linklib_cmd='printf %s\n'
lt_cv_sys_global_symbol_pipe='sed -n -e '\''s/^.*[	 ]\([BCDEGRST][BCDEGRST]*\)[	 ][	 ]*_\([_A-Za-z][_A-Za-z0-9]*\)$/\1 _\2 \2/p'\'' | sed '\''/ __gnu_lto/d'\'''
lt_cv_sys_global_symbol_to_c_name_address='sed -n -e '\''s/^: \(.*\) .*$/  {"\1", (void *) 0},/p'\'' -e '\''s/^[BCDEGRST][BCDEGRST]* .* \(.*\)$/  {"\1", (void *) \&\1},/p'\'''
lt_cv_sys_global_symbol_to_c_name_address_lib_prefix='sed -n -e '\''s/^: \(.*\) .*$/  {"\1", (void *) 0},/p'\'' -e '\''s/^[BCDEGRST][BCDEGRST]* .* \(lib.*\)$/  {"\1", (void *) \&\1},/p'\'' -e '\''s/^[BCDEGRST][BCDEGRST]* .* \(.*\)$/  {"lib\1", (void *) \&\1},/p'\'''
lt_cv_sys_global_symbol_to_cdecl='sed -n -e '\''s/^T .* \(.*\)$/extern int \1();/p'\'' -e '\''s/^[BCDEGRST][BCDEGRST]* .* \(.*\)$/extern char \1;/p'\'''
lt_cv_sys_global_symbol_to_import=
lt_cv_sys_max_cmd_len=196608
lt_cv_to_host_file_cmd=func_convert_file_noop
lt_cv_to_tool_file_cmd=func_convert_file_noop
lt_cv_truncate_bin='/bin/dd bs=4096 count=1'
mingw_cv_win32_host=no

## ----------------- ##
## Output variables. ##
## ----------------- ##

ACLOCAL='aclocal-1.15'
AMDEPBACKSLASH='\'
AMDEP_FALSE='#'
AMDEP_TRUE=''
AMTAR='$${TAR-tar}'
AM_BACKSLASH='\'
AM_DEFAULT_V='$(AM_DEFAULT_VERBOSITY)'
AM_DEFAULT_VERBOSITY='1'
AM_V='$(V)'
AR='ar'
AUTOCONF='autoconf'
AUTOHEADER='autoheader'
AUTOMAKE='automake-1.15'
AWK='awk'
CC='gcc'
CCDEPMODE='depmode=gcc3'
CFLAGS='-g -O2'
CPP='gcc -E'
CPPFLAGS=''
CXX='g++'
CXXCPP='g++ -E'
CXXDEPMODE='depmode=gcc3'
CXXFLAGS='-g -O2'
CYGPATH_W='echo'
DEFS='-DHAVE_CONFIG_H'
DEPDIR='.deps'
DLLTOOL='false'
DSYMUTIL='dsymutil'
DUMPBIN=''
ECHO_C='\c'
ECHO_N=''
ECHO_T=''
EGREP='/usr/bin/grep -E'
ENUMPOLY_PROGS=''
EXEEXT=''
FGREP='/usr/bin/grep -F'
GREP='/usr/bin/grep'
GUI_PROGS=''
INSTALL_DATA='${INSTALL} -m 644'
INSTALL_PROGRAM='${INSTALL}'
INSTALL_SCRIPT='${INSTALL}'
INSTALL_STRIP_PROGRAM='$(install_sh) -c -s'
IS_WIN32_FALSE=''
IS_WIN32_TRUE='#'
LD='/Applications/Xcode.app/Contents/Developer/Toolchains/XcodeDefault.xctoolchain/usr/bin/ld'
LDFLAGS=''
LIBOBJS=''
LIBS=''
LIBTOOL='$(SHELL) $(top_builddir)/libtool'
LIPO='lipo'
LN_S='ln -s'
LTLIBOBJS=''
LT_SYS_LIBRARY_PATH=''
MAKEINFO='makeinfo'
MANIFEST_TOOL=':'
MKDIR_P='/opt/local/bin/gmkdir -p'
NM='/opt/local/bin/nm -B'
NMEDIT='nmedit'
OBJDUMP='objdump'
OBJEXT='o'
OTOOL64=':'
OTOOL='otool'
PACKAGE='gambit'
PACKAGE_BUGREPORT=''
PACKAGE_NAME='gambit'
PACKAGE_STRING='gambit 15.1.0'
PACKAGE_TARNAME='gambit'
PACKAGE_URL=''
PACKAGE_VERSION='15.1.0'
PATH_SEPARATOR=':'
RANLIB='ranlib'
RC_OBJECT=''
RC_OBJECT_PATH=''
REZFLAGS=' -O2'
SED='/usr/bin/sed'
SET_MAKE=''
SHELL='/bin/sh'
STRIP='strip'
VERSION='15.1.0'
WITH_ENUMPOLY_FALSE='#'
WITH_ENUMPOLY_TRUE=''
WITH_GUI_FALSE=''
WITH_GUI_TRUE='#'
WX_CFLAGS=''
WX_CFLAGS_ONLY=''
WX_CONFIG_PATH='no'
WX_CPPFLAGS=''
WX_CXXFLAGS=''
WX_CXXFLAGS_ONLY=''
WX_LIBS=''
WX_LIBS_STATIC=''
WX_RESCOMP=''
WX_VERSION=''
ac_ct_AR='ar'
ac_ct_CC='gcc'
ac_ct_CXX='g++'
ac_ct_DUMPBIN=''
am__EXEEXT_FALSE=''
am__EXEEXT_TRUE='#'
am__fastdepCC_FALSE='#'
am__fastdepCC_TRUE=''
am__fastdepCXX_FALSE='#'
am__fastdepCXX_TRUE=''
am__include='include'
am__isrc=''
am__leading_dot='.'
am__nodep='_no'
am__quote=''
am__tar='$${TAR-tar} chof - "$$tardir"'
am__untar='$${TAR-tar} xf -'
bindir='${exec_prefix}/bin'
build='x86_64-apple-darwin16.5.0'
build_alias=''
build_cpu='x86_64'
build_os='darwin16.5.0'
build_vendor='apple'
datadir='${datarootdir}'
datarootdir='${prefix}/share'
docdir='${datarootdir}/doc/${PACKAGE_TARNAME}'
dvidir='${docdir}'
exec_prefix='${prefix}'
host='x86_64-apple-darwin16.5.0'
host_alias=''
host_cpu='x86_64'
host_os='darwin16.5.0'
host_vendor='apple'
htmldir='${docdir}'
includedir='${prefix}/include'
infodir='${datarootdir}/info'
install_sh='${SHELL} /Users/bobbybruce/Desktop/bugzilla-data-miner/ecj/bug-report-simmodel/gambit-15.1.0/install-sh'
libdir='${exec_prefix}/lib'
libexecdir='${exec_prefix}/libexec'
localedir='${datarootdir}/locale'
localstatedir='${prefix}/var'
mandir='${datarootdir}/man'
mkdir_p='$(MKDIR_P)'
oldincludedir='/usr/include'
pdfdir='${docdir}'
prefix='/usr/local'
program_transform_name='s,x,x,'
psdir='${docdir}'
sbindir='${exec_prefix}/sbin'
sharedstatedir='${prefix}/com'
sysconfdir='${prefix}/etc'
target_alias=''

## ----------- ##
## confdefs.h. ##
## ----------- ##

/* confdefs.h */
#define PACKAGE_NAME "gambit"
#define PACKAGE_TARNAME "gambit"
#define PACKAGE_VERSION "15.1.0"
#define PACKAGE_STRING "gambit 15.1.0"
#define PACKAGE_BUGREPORT ""
#define PACKAGE_URL ""
#define PACKAGE "gambit"
#define VERSION "15.1.0"
#define STDC_HEADERS 1
#define HAVE_SYS_TYPES_H 1
#define HAVE_SYS_STAT_H 1
#define HAVE_STDLIB_H 1
#define HAVE_STRING_H 1
#define HAVE_MEMORY_H 1
#define HAVE_STRINGS_H 1
#define HAVE_INTTYPES_H 1
#define HAVE_STDINT_H 1
#define HAVE_UNISTD_H 1
#define HAVE_DLFCN_H 1
#define LT_OBJDIR ".libs/"
#define HAVE_BCMP 1
#define HAVE_SRAND48 1
#define HAVE_DRAND48 1

configure: exit 0
